<?xml version="1.0" encoding="UTF-8"?>
<!-- Generated by org.testng.reporters.JUnitReportReporter -->
<testsuite hostname="DESKTOP-5KQFPQD" failures="0" tests="2" name="com.selenium.testing.selenium_test_Handson_project.E" time="0.012" errors="0" timestamp="2025-01-16T16:52:56 IST" skipped="0">
  <testcase classname="com.selenium.testing.selenium_test_Handson_project.E" name="tc002" time="0.006"/>
  <testcase classname="com.selenium.testing.selenium_test_Handson_project.E" name="tc001" time="0.006"/>
</testsuite> <!-- com.selenium.testing.selenium_test_Handson_project.E -->
