<?xml version="1.0" encoding="UTF-8"?>
<!-- Generated by org.testng.reporters.JUnitReportReporter -->
<testsuite hostname="DESKTOP-5KQFPQD" failures="0" tests="1" name="com.selenium.testing.selenium_test_Handson_project.First_API_Automation_Testing" time="6.796" errors="0" timestamp="2025-01-17T16:31:01 IST" skipped="0">
  <testcase classname="com.selenium.testing.selenium_test_Handson_project.First_API_Automation_Testing" name="validateStudentDetails" time="6.796"/>
</testsuite> <!-- com.selenium.testing.selenium_test_Handson_project.First_API_Automation_Testing -->
