<?xml version="1.0" encoding="UTF-8"?>
<!-- Generated by org.testng.reporters.JUnitReportReporter -->
<testsuite hostname="DESKTOP-5KQFPQD" failures="0" tests="3" name="com.selenium.testing.selenium_test_Handson_project.D" time="0.115" errors="0" timestamp="2025-01-16T16:59:01 IST" skipped="0">
  <testcase classname="com.selenium.testing.selenium_test_Handson_project.D" name="tc003" time="0.025"/>
  <testcase classname="com.selenium.testing.selenium_test_Handson_project.D" name="tc001" time="0.044"/>
  <testcase classname="com.selenium.testing.selenium_test_Handson_project.D" name="tc002" time="0.046"/>
</testsuite> <!-- com.selenium.testing.selenium_test_Handson_project.D -->
