<?xml version="1.0" encoding="UTF-8"?>
<!-- Generated by org.testng.reporters.JUnitReportReporter -->
<testsuite hostname="DESKTOP-5KQFPQD" failures="0" tests="3" name="com.selenium.testing.selenium_test_Handson_project.A" time="0.056" errors="0" timestamp="2025-01-16T16:52:56 IST" skipped="0">
  <testcase classname="com.selenium.testing.selenium_test_Handson_project.A" name="tc003" time="0.045"/>
  <testcase classname="com.selenium.testing.selenium_test_Handson_project.A" name="tc002" time="0.005"/>
  <testcase classname="com.selenium.testing.selenium_test_Handson_project.A" name="tc001" time="0.006"/>
</testsuite> <!-- com.selenium.testing.selenium_test_Handson_project.A -->
