<?xml version="1.0" encoding="UTF-8"?>
<!-- Generated by org.testng.reporters.JUnitReportReporter -->
<testsuite hostname="DESKTOP-5KQFPQD" failures="0" tests="1" name="com.selenium.testing.selenium_test_Handson_project.Demo1_Get_Request" time="5.787" errors="0" timestamp="2025-01-20T15:14:58 IST" skipped="0">
  <testcase classname="com.selenium.testing.selenium_test_Handson_project.Demo1_Get_Request" name="getweatherdetails" time="5.787"/>
</testsuite> <!-- com.selenium.testing.selenium_test_Handson_project.Demo1_Get_Request -->
