<?xml version="1.0" encoding="UTF-8"?>
<!-- Generated by org.testng.reporters.JUnitReportReporter -->
<testsuite hostname="DESKTOP-5KQFPQD" failures="0" tests="4" name="api.test.UserTests" time="11.402" errors="0" timestamp="2025-01-29T21:34:23 IST" skipped="0">
  <testcase classname="api.test.UserTests" name="testPostUser" time="5.857"/>
  <testcase classname="api.test.UserTests" name="testGetUserByName" time="1.493"/>
  <testcase classname="api.test.UserTests" name="testUpdateUserByName" time="2.701"/>
  <testcase classname="api.test.UserTests" name="testDeleteUserByName" time="1.351"/>
</testsuite> <!-- api.test.UserTests -->
