<?xml version="1.0" encoding="UTF-8"?>
<!-- Generated by org.testng.reporters.JUnitReportReporter -->
<testsuite hostname="DESKTOP-5KQFPQD" failures="0" tests="4" name="api.test.UserTests2" time="12.341" errors="0" timestamp="2025-01-29T22:09:23 IST" skipped="0">
  <testcase classname="api.test.UserTests2" name="testPostUser" time="6.020"/>
  <testcase classname="api.test.UserTests2" name="testGetUserByName" time="1.579"/>
  <testcase classname="api.test.UserTests2" name="testUpdateUserByName" time="3.173"/>
  <testcase classname="api.test.UserTests2" name="testDeleteUserByName" time="1.569"/>
</testsuite> <!-- api.test.UserTests2 -->
