<?xml version="1.0" encoding="UTF-8"?>
<!-- Generated by org.testng.reporters.JUnitReportReporter -->
<testsuite hostname="DESKTOP-5KQFPQD" failures="0" tests="1" name="com.selenium.testing.selenium_test_Handson_project.First_Post_Method_API_Automation_Testing" time="5.384" errors="0" timestamp="2025-01-20T13:57:18 IST" skipped="0">
  <testcase classname="com.selenium.testing.selenium_test_Handson_project.First_Post_Method_API_Automation_Testing" name="First_Post_Method_API_Automation_Testing_Assert" time="5.384"/>
</testsuite> <!-- com.selenium.testing.selenium_test_Handson_project.First_Post_Method_API_Automation_Testing -->
